{"/home/maria/frontend-project-46/src/getDiffTree.js": {"path":"/home/maria/frontend-project-46/src/getDiffTree.js","all":false,"statementMap":{"0":{"start":{"line":1,"column":0},"end":{"line":1,"column":23}},"1":{"start":{"line":2,"column":0},"end":{"line":2,"column":0}},"2":{"start":{"line":3,"column":0},"end":{"line":3,"column":39}},"3":{"start":{"line":4,"column":0},"end":{"line":4,"column":35}},"4":{"start":{"line":5,"column":0},"end":{"line":5,"column":35}},"5":{"start":{"line":6,"column":0},"end":{"line":6,"column":44}},"6":{"start":{"line":7,"column":0},"end":{"line":7,"column":38}},"7":{"start":{"line":8,"column":0},"end":{"line":8,"column":37}},"8":{"start":{"line":9,"column":0},"end":{"line":9,"column":14}},"9":{"start":{"line":10,"column":0},"end":{"line":10,"column":22}},"10":{"start":{"line":11,"column":0},"end":{"line":11,"column":12}},"11":{"start":{"line":12,"column":0},"end":{"line":12,"column":27}},"12":{"start":{"line":13,"column":0},"end":{"line":13,"column":8}},"13":{"start":{"line":14,"column":0},"end":{"line":14,"column":39}},"14":{"start":{"line":15,"column":0},"end":{"line":15,"column":14}},"15":{"start":{"line":16,"column":0},"end":{"line":16,"column":24}},"16":{"start":{"line":17,"column":0},"end":{"line":17,"column":12}},"17":{"start":{"line":18,"column":0},"end":{"line":18,"column":26}},"18":{"start":{"line":19,"column":0},"end":{"line":19,"column":8}},"19":{"start":{"line":20,"column":0},"end":{"line":20,"column":38}},"20":{"start":{"line":21,"column":0},"end":{"line":21,"column":14}},"21":{"start":{"line":22,"column":0},"end":{"line":22,"column":26}},"22":{"start":{"line":23,"column":0},"end":{"line":23,"column":12}},"23":{"start":{"line":24,"column":0},"end":{"line":24,"column":26}},"24":{"start":{"line":25,"column":0},"end":{"line":25,"column":8}},"25":{"start":{"line":26,"column":0},"end":{"line":26,"column":61}},"26":{"start":{"line":27,"column":0},"end":{"line":27,"column":14}},"27":{"start":{"line":28,"column":0},"end":{"line":28,"column":23}},"28":{"start":{"line":29,"column":0},"end":{"line":29,"column":12}},"29":{"start":{"line":30,"column":0},"end":{"line":30,"column":54}},"30":{"start":{"line":31,"column":0},"end":{"line":31,"column":8}},"31":{"start":{"line":32,"column":0},"end":{"line":32,"column":5}},"32":{"start":{"line":33,"column":0},"end":{"line":33,"column":12}},"33":{"start":{"line":34,"column":0},"end":{"line":34,"column":22}},"34":{"start":{"line":35,"column":0},"end":{"line":35,"column":10}},"35":{"start":{"line":36,"column":0},"end":{"line":36,"column":25}},"36":{"start":{"line":37,"column":0},"end":{"line":37,"column":25}},"37":{"start":{"line":38,"column":0},"end":{"line":38,"column":6}},"38":{"start":{"line":39,"column":0},"end":{"line":39,"column":5}},"39":{"start":{"line":40,"column":0},"end":{"line":40,"column":0}},"40":{"start":{"line":41,"column":0},"end":{"line":41,"column":18}},"41":{"start":{"line":42,"column":0},"end":{"line":42,"column":2}},"42":{"start":{"line":43,"column":0},"end":{"line":43,"column":0}},"43":{"start":{"line":44,"column":0},"end":{"line":44,"column":27}}},"s":{"0":1,"1":1,"2":1,"3":5,"4":5,"5":5,"6":5,"7":18,"8":5,"9":5,"10":5,"11":5,"12":5,"13":18,"14":2,"15":2,"16":2,"17":2,"18":2,"19":18,"20":3,"21":3,"22":3,"23":3,"24":3,"25":18,"26":4,"27":4,"28":4,"29":4,"30":4,"31":4,"32":4,"33":4,"34":4,"35":4,"36":4,"37":4,"38":5,"39":5,"40":5,"41":5,"42":1,"43":1},"branchMap":{"0":{"type":"branch","line":3,"loc":{"start":{"line":3,"column":20},"end":{"line":42,"column":2}},"locations":[{"start":{"line":3,"column":20},"end":{"line":42,"column":2}}]},"1":{"type":"branch","line":7,"loc":{"start":{"line":7,"column":29},"end":{"line":39,"column":3}},"locations":[{"start":{"line":7,"column":29},"end":{"line":39,"column":3}}]},"2":{"type":"branch","line":8,"loc":{"start":{"line":8,"column":36},"end":{"line":14,"column":6}},"locations":[{"start":{"line":8,"column":36},"end":{"line":14,"column":6}}]},"3":{"type":"branch","line":14,"loc":{"start":{"line":14,"column":4},"end":{"line":14,"column":38}},"locations":[{"start":{"line":14,"column":4},"end":{"line":14,"column":38}}]},"4":{"type":"branch","line":14,"loc":{"start":{"line":14,"column":38},"end":{"line":20,"column":6}},"locations":[{"start":{"line":14,"column":38},"end":{"line":20,"column":6}}]},"5":{"type":"branch","line":20,"loc":{"start":{"line":20,"column":4},"end":{"line":20,"column":37}},"locations":[{"start":{"line":20,"column":4},"end":{"line":20,"column":37}}]},"6":{"type":"branch","line":20,"loc":{"start":{"line":20,"column":37},"end":{"line":26,"column":6}},"locations":[{"start":{"line":20,"column":37},"end":{"line":26,"column":6}}]},"7":{"type":"branch","line":26,"loc":{"start":{"line":26,"column":4},"end":{"line":26,"column":36}},"locations":[{"start":{"line":26,"column":4},"end":{"line":26,"column":36}}]},"8":{"type":"branch","line":26,"loc":{"start":{"line":26,"column":32},"end":{"line":26,"column":58}},"locations":[{"start":{"line":26,"column":32},"end":{"line":26,"column":58}}]},"9":{"type":"branch","line":26,"loc":{"start":{"line":26,"column":60},"end":{"line":39,"column":3}},"locations":[{"start":{"line":26,"column":60},"end":{"line":39,"column":3}}]}},"b":{"0":[5],"1":[18],"2":[5],"3":[13],"4":[2],"5":[11],"6":[3],"7":[8],"8":[5],"9":[4]},"fnMap":{"0":{"name":"getDiffTree","decl":{"start":{"line":3,"column":20},"end":{"line":42,"column":2}},"loc":{"start":{"line":3,"column":20},"end":{"line":42,"column":2}},"line":3}},"f":{"0":5}}
,"/home/maria/frontend-project-46/src/index.js": {"path":"/home/maria/frontend-project-46/src/index.js","all":false,"statementMap":{"0":{"start":{"line":1,"column":0},"end":{"line":1,"column":23}},"1":{"start":{"line":2,"column":0},"end":{"line":2,"column":24}},"2":{"start":{"line":3,"column":0},"end":{"line":3,"column":20}},"3":{"start":{"line":4,"column":0},"end":{"line":4,"column":33}},"4":{"start":{"line":5,"column":0},"end":{"line":5,"column":43}},"5":{"start":{"line":6,"column":0},"end":{"line":6,"column":46}},"6":{"start":{"line":7,"column":0},"end":{"line":7,"column":0}},"7":{"start":{"line":8,"column":0},"end":{"line":8,"column":28}},"8":{"start":{"line":9,"column":0},"end":{"line":9,"column":51}},"9":{"start":{"line":10,"column":0},"end":{"line":10,"column":46}},"10":{"start":{"line":11,"column":0},"end":{"line":11,"column":59}},"11":{"start":{"line":12,"column":0},"end":{"line":12,"column":30}},"12":{"start":{"line":13,"column":0},"end":{"line":13,"column":2}},"13":{"start":{"line":14,"column":0},"end":{"line":14,"column":0}},"14":{"start":{"line":15,"column":0},"end":{"line":15,"column":43}},"15":{"start":{"line":16,"column":0},"end":{"line":16,"column":32}},"16":{"start":{"line":17,"column":0},"end":{"line":17,"column":32}},"17":{"start":{"line":18,"column":0},"end":{"line":18,"column":45}},"18":{"start":{"line":19,"column":0},"end":{"line":19,"column":37}},"19":{"start":{"line":20,"column":0},"end":{"line":20,"column":2}},"20":{"start":{"line":21,"column":0},"end":{"line":21,"column":0}},"21":{"start":{"line":22,"column":0},"end":{"line":22,"column":23}}},"s":{"0":1,"1":1,"2":1,"3":1,"4":1,"5":1,"6":1,"7":1,"8":2,"9":2,"10":2,"11":2,"12":2,"13":1,"14":1,"15":1,"16":1,"17":1,"18":1,"19":1,"20":1,"21":1},"branchMap":{"0":{"type":"branch","line":8,"loc":{"start":{"line":8,"column":18},"end":{"line":13,"column":2}},"locations":[{"start":{"line":8,"column":18},"end":{"line":13,"column":2}}]},"1":{"type":"branch","line":15,"loc":{"start":{"line":15,"column":16},"end":{"line":20,"column":2}},"locations":[{"start":{"line":15,"column":16},"end":{"line":20,"column":2}}]}},"b":{"0":[2],"1":[1]},"fnMap":{"0":{"name":"readFile","decl":{"start":{"line":8,"column":18},"end":{"line":13,"column":2}},"loc":{"start":{"line":8,"column":18},"end":{"line":13,"column":2}},"line":8},"1":{"name":"genDiff","decl":{"start":{"line":15,"column":16},"end":{"line":20,"column":2}},"loc":{"start":{"line":15,"column":16},"end":{"line":20,"column":2}},"line":15}},"f":{"0":2,"1":1}}
,"/home/maria/frontend-project-46/src/parsers.js": {"path":"/home/maria/frontend-project-46/src/parsers.js","all":false,"statementMap":{"0":{"start":{"line":1,"column":0},"end":{"line":1,"column":27}},"1":{"start":{"line":2,"column":0},"end":{"line":2,"column":0}},"2":{"start":{"line":3,"column":0},"end":{"line":3,"column":37}},"3":{"start":{"line":4,"column":0},"end":{"line":4,"column":20}},"4":{"start":{"line":5,"column":0},"end":{"line":5,"column":16}},"5":{"start":{"line":6,"column":0},"end":{"line":6,"column":33}},"6":{"start":{"line":7,"column":0},"end":{"line":7,"column":15}},"7":{"start":{"line":8,"column":0},"end":{"line":8,"column":32}},"8":{"start":{"line":9,"column":0},"end":{"line":9,"column":16}},"9":{"start":{"line":10,"column":0},"end":{"line":10,"column":32}},"10":{"start":{"line":11,"column":0},"end":{"line":11,"column":12}},"11":{"start":{"line":12,"column":0},"end":{"line":12,"column":77}},"12":{"start":{"line":13,"column":0},"end":{"line":13,"column":3}},"13":{"start":{"line":14,"column":0},"end":{"line":14,"column":2}},"14":{"start":{"line":15,"column":0},"end":{"line":15,"column":0}},"15":{"start":{"line":16,"column":0},"end":{"line":16,"column":21}}},"s":{"0":1,"1":1,"2":1,"3":2,"4":2,"5":2,"6":2,"7":0,"8":2,"9":0,"10":2,"11":0,"12":2,"13":2,"14":1,"15":1},"branchMap":{"0":{"type":"branch","line":3,"loc":{"start":{"line":3,"column":14},"end":{"line":14,"column":2}},"locations":[{"start":{"line":3,"column":14},"end":{"line":14,"column":2}}]},"1":{"type":"branch","line":7,"loc":{"start":{"line":7,"column":4},"end":{"line":8,"column":32}},"locations":[{"start":{"line":7,"column":4},"end":{"line":8,"column":32}}]},"2":{"type":"branch","line":9,"loc":{"start":{"line":9,"column":4},"end":{"line":10,"column":32}},"locations":[{"start":{"line":9,"column":4},"end":{"line":10,"column":32}}]},"3":{"type":"branch","line":11,"loc":{"start":{"line":11,"column":4},"end":{"line":12,"column":77}},"locations":[{"start":{"line":11,"column":4},"end":{"line":12,"column":77}}]}},"b":{"0":[2],"1":[0],"2":[0],"3":[0]},"fnMap":{"0":{"name":"parse","decl":{"start":{"line":3,"column":14},"end":{"line":14,"column":2}},"loc":{"start":{"line":3,"column":14},"end":{"line":14,"column":2}},"line":3}},"f":{"0":2}}
,"/home/maria/frontend-project-46/src/formatters/formatJson.js": {"path":"/home/maria/frontend-project-46/src/formatters/formatJson.js","all":false,"statementMap":{"0":{"start":{"line":1,"column":0},"end":{"line":1,"column":61}},"1":{"start":{"line":2,"column":0},"end":{"line":2,"column":0}},"2":{"start":{"line":3,"column":0},"end":{"line":3,"column":29}}},"s":{"0":1,"1":1,"2":1},"branchMap":{},"b":{},"fnMap":{"0":{"name":"getFormatJson","decl":{"start":{"line":1,"column":23},"end":{"line":1,"column":60}},"loc":{"start":{"line":1,"column":23},"end":{"line":1,"column":60}},"line":1}},"f":{"0":0}}
,"/home/maria/frontend-project-46/src/formatters/formatPlain.js": {"path":"/home/maria/frontend-project-46/src/formatters/formatPlain.js","all":false,"statementMap":{"0":{"start":{"line":1,"column":0},"end":{"line":1,"column":23}},"1":{"start":{"line":2,"column":0},"end":{"line":2,"column":0}},"2":{"start":{"line":3,"column":0},"end":{"line":3,"column":38}},"3":{"start":{"line":4,"column":0},"end":{"line":4,"column":35}},"4":{"start":{"line":5,"column":0},"end":{"line":5,"column":28}},"5":{"start":{"line":6,"column":0},"end":{"line":6,"column":31}},"6":{"start":{"line":7,"column":0},"end":{"line":7,"column":38}},"7":{"start":{"line":8,"column":0},"end":{"line":8,"column":26}},"8":{"start":{"line":9,"column":0},"end":{"line":9,"column":5}},"9":{"start":{"line":10,"column":0},"end":{"line":10,"column":17}},"10":{"start":{"line":11,"column":0},"end":{"line":11,"column":4}},"11":{"start":{"line":12,"column":0},"end":{"line":12,"column":39}},"12":{"start":{"line":13,"column":0},"end":{"line":13,"column":22}},"13":{"start":{"line":14,"column":0},"end":{"line":14,"column":54}},"14":{"start":{"line":15,"column":0},"end":{"line":15,"column":22}},"15":{"start":{"line":16,"column":0},"end":{"line":16,"column":47}},"16":{"start":{"line":17,"column":0},"end":{"line":17,"column":28}},"17":{"start":{"line":18,"column":0},"end":{"line":18,"column":23}},"18":{"start":{"line":19,"column":0},"end":{"line":19,"column":94}},"19":{"start":{"line":20,"column":0},"end":{"line":20,"column":25}},"20":{"start":{"line":21,"column":0},"end":{"line":21,"column":55}},"21":{"start":{"line":22,"column":0},"end":{"line":22,"column":25}},"22":{"start":{"line":23,"column":0},"end":{"line":23,"column":122}},"23":{"start":{"line":24,"column":0},"end":{"line":24,"column":24}},"24":{"start":{"line":25,"column":0},"end":{"line":25,"column":54}},"25":{"start":{"line":26,"column":0},"end":{"line":26,"column":18}},"26":{"start":{"line":27,"column":0},"end":{"line":27,"column":69}},"27":{"start":{"line":28,"column":0},"end":{"line":28,"column":9}},"28":{"start":{"line":29,"column":0},"end":{"line":29,"column":9}},"29":{"start":{"line":30,"column":0},"end":{"line":30,"column":28}},"30":{"start":{"line":31,"column":0},"end":{"line":31,"column":4}},"31":{"start":{"line":32,"column":0},"end":{"line":32,"column":24}},"32":{"start":{"line":33,"column":0},"end":{"line":33,"column":2}},"33":{"start":{"line":34,"column":0},"end":{"line":34,"column":30}}},"s":{"0":1,"1":1,"2":1,"3":0,"4":0,"5":0,"6":0,"7":0,"8":0,"9":0,"10":0,"11":0,"12":0,"13":0,"14":0,"15":0,"16":0,"17":0,"18":0,"19":0,"20":0,"21":0,"22":0,"23":0,"24":0,"25":0,"26":0,"27":0,"28":0,"29":0,"30":0,"31":0,"32":0,"33":1},"branchMap":{},"b":{},"fnMap":{"0":{"name":"getFormatPlain","decl":{"start":{"line":3,"column":24},"end":{"line":33,"column":2}},"loc":{"start":{"line":3,"column":24},"end":{"line":33,"column":2}},"line":3}},"f":{"0":0}}
,"/home/maria/frontend-project-46/src/formatters/formatStylish.js": {"path":"/home/maria/frontend-project-46/src/formatters/formatStylish.js","all":false,"statementMap":{"0":{"start":{"line":1,"column":0},"end":{"line":1,"column":23}},"1":{"start":{"line":2,"column":0},"end":{"line":2,"column":0}},"2":{"start":{"line":3,"column":0},"end":{"line":3,"column":40}},"3":{"start":{"line":4,"column":0},"end":{"line":4,"column":24}},"4":{"start":{"line":5,"column":0},"end":{"line":5,"column":66}},"5":{"start":{"line":6,"column":0},"end":{"line":6,"column":42}},"6":{"start":{"line":7,"column":0},"end":{"line":7,"column":28}},"7":{"start":{"line":8,"column":0},"end":{"line":8,"column":23}},"8":{"start":{"line":9,"column":0},"end":{"line":9,"column":5}},"9":{"start":{"line":10,"column":0},"end":{"line":10,"column":38}},"10":{"start":{"line":11,"column":0},"end":{"line":11,"column":48}},"11":{"start":{"line":12,"column":0},"end":{"line":12,"column":55}},"12":{"start":{"line":13,"column":0},"end":{"line":13,"column":61}},"13":{"start":{"line":14,"column":0},"end":{"line":14,"column":7}},"14":{"start":{"line":15,"column":0},"end":{"line":15,"column":59}},"15":{"start":{"line":16,"column":0},"end":{"line":16,"column":4}},"16":{"start":{"line":17,"column":0},"end":{"line":17,"column":0}},"17":{"start":{"line":18,"column":0},"end":{"line":18,"column":56}},"18":{"start":{"line":19,"column":0},"end":{"line":19,"column":115}},"19":{"start":{"line":20,"column":0},"end":{"line":20,"column":24}},"20":{"start":{"line":21,"column":0},"end":{"line":21,"column":19}},"21":{"start":{"line":22,"column":0},"end":{"line":22,"column":51}},"22":{"start":{"line":23,"column":0},"end":{"line":23,"column":21}},"23":{"start":{"line":24,"column":0},"end":{"line":24,"column":50}},"24":{"start":{"line":25,"column":0},"end":{"line":25,"column":23}},"25":{"start":{"line":26,"column":0},"end":{"line":26,"column":50}},"26":{"start":{"line":27,"column":0},"end":{"line":27,"column":21}},"27":{"start":{"line":28,"column":0},"end":{"line":28,"column":94}},"28":{"start":{"line":29,"column":0},"end":{"line":29,"column":20}},"29":{"start":{"line":30,"column":0},"end":{"line":30,"column":115}},"30":{"start":{"line":31,"column":0},"end":{"line":31,"column":14}},"31":{"start":{"line":32,"column":0},"end":{"line":32,"column":65}},"32":{"start":{"line":33,"column":0},"end":{"line":33,"column":5}},"33":{"start":{"line":34,"column":0},"end":{"line":34,"column":5}},"34":{"start":{"line":35,"column":0},"end":{"line":35,"column":42}},"35":{"start":{"line":36,"column":0},"end":{"line":36,"column":2}},"36":{"start":{"line":37,"column":0},"end":{"line":37,"column":0}},"37":{"start":{"line":38,"column":0},"end":{"line":38,"column":32}}},"s":{"0":1,"1":1,"2":1,"3":1,"4":1,"5":1,"6":27,"7":20,"8":20,"9":7,"10":7,"11":9,"12":9,"13":7,"14":7,"15":1,"16":1,"17":1,"18":18,"19":18,"20":18,"21":5,"22":18,"23":2,"24":18,"25":3,"26":18,"27":4,"28":18,"29":4,"30":18,"31":0,"32":18,"33":1,"34":1,"35":1,"36":1,"37":1},"branchMap":{"0":{"type":"branch","line":3,"loc":{"start":{"line":3,"column":26},"end":{"line":36,"column":2}},"locations":[{"start":{"line":3,"column":26},"end":{"line":36,"column":2}}]},"1":{"type":"branch","line":5,"loc":{"start":{"line":5,"column":18},"end":{"line":5,"column":65}},"locations":[{"start":{"line":5,"column":18},"end":{"line":5,"column":65}}]},"2":{"type":"branch","line":6,"loc":{"start":{"line":6,"column":20},"end":{"line":16,"column":3}},"locations":[{"start":{"line":6,"column":20},"end":{"line":16,"column":3}}]},"3":{"type":"branch","line":7,"loc":{"start":{"line":7,"column":27},"end":{"line":9,"column":5}},"locations":[{"start":{"line":7,"column":27},"end":{"line":9,"column":5}}]},"4":{"type":"branch","line":9,"loc":{"start":{"line":9,"column":4},"end":{"line":16,"column":3}},"locations":[{"start":{"line":9,"column":4},"end":{"line":16,"column":3}}]},"5":{"type":"branch","line":11,"loc":{"start":{"line":11,"column":29},"end":{"line":14,"column":5}},"locations":[{"start":{"line":11,"column":29},"end":{"line":14,"column":5}}]},"6":{"type":"branch","line":18,"loc":{"start":{"line":18,"column":15},"end":{"line":34,"column":4}},"locations":[{"start":{"line":18,"column":15},"end":{"line":34,"column":4}}]},"7":{"type":"branch","line":18,"loc":{"start":{"line":18,"column":46},"end":{"line":34,"column":3}},"locations":[{"start":{"line":18,"column":46},"end":{"line":34,"column":3}}]},"8":{"type":"branch","line":21,"loc":{"start":{"line":21,"column":6},"end":{"line":22,"column":51}},"locations":[{"start":{"line":21,"column":6},"end":{"line":22,"column":51}}]},"9":{"type":"branch","line":23,"loc":{"start":{"line":23,"column":6},"end":{"line":24,"column":50}},"locations":[{"start":{"line":23,"column":6},"end":{"line":24,"column":50}}]},"10":{"type":"branch","line":25,"loc":{"start":{"line":25,"column":6},"end":{"line":26,"column":50}},"locations":[{"start":{"line":25,"column":6},"end":{"line":26,"column":50}}]},"11":{"type":"branch","line":27,"loc":{"start":{"line":27,"column":6},"end":{"line":28,"column":94}},"locations":[{"start":{"line":27,"column":6},"end":{"line":28,"column":94}}]},"12":{"type":"branch","line":29,"loc":{"start":{"line":29,"column":6},"end":{"line":30,"column":115}},"locations":[{"start":{"line":29,"column":6},"end":{"line":30,"column":115}}]},"13":{"type":"branch","line":31,"loc":{"start":{"line":31,"column":6},"end":{"line":32,"column":65}},"locations":[{"start":{"line":31,"column":6},"end":{"line":32,"column":65}}]},"14":{"type":"branch","line":19,"loc":{"start":{"line":19,"column":30},"end":{"line":19,"column":114}},"locations":[{"start":{"line":19,"column":30},"end":{"line":19,"column":114}}]}},"b":{"0":[1],"1":[42],"2":[27],"3":[20],"4":[7],"5":[9],"6":[5],"7":[18],"8":[5],"9":[2],"10":[3],"11":[4],"12":[4],"13":[0],"14":[18]},"fnMap":{"0":{"name":"getFormatStylish","decl":{"start":{"line":3,"column":26},"end":{"line":36,"column":2}},"loc":{"start":{"line":3,"column":26},"end":{"line":36,"column":2}},"line":3},"1":{"name":"indent","decl":{"start":{"line":5,"column":18},"end":{"line":5,"column":65}},"loc":{"start":{"line":5,"column":18},"end":{"line":5,"column":65}},"line":5},"2":{"name":"stringify","decl":{"start":{"line":6,"column":20},"end":{"line":16,"column":3}},"loc":{"start":{"line":6,"column":20},"end":{"line":16,"column":3}},"line":6},"3":{"name":"iter","decl":{"start":{"line":18,"column":15},"end":{"line":34,"column":4}},"loc":{"start":{"line":18,"column":15},"end":{"line":34,"column":4}},"line":18},"4":{"name":"createStrWithSing","decl":{"start":{"line":19,"column":30},"end":{"line":19,"column":114}},"loc":{"start":{"line":19,"column":30},"end":{"line":19,"column":114}},"line":19}},"f":{"0":1,"1":42,"2":27,"3":5,"4":18}}
,"/home/maria/frontend-project-46/src/formatters/index.js": {"path":"/home/maria/frontend-project-46/src/formatters/index.js","all":false,"statementMap":{"0":{"start":{"line":1,"column":0},"end":{"line":1,"column":44}},"1":{"start":{"line":2,"column":0},"end":{"line":2,"column":43}},"2":{"start":{"line":3,"column":0},"end":{"line":3,"column":50}},"3":{"start":{"line":4,"column":0},"end":{"line":4,"column":0}},"4":{"start":{"line":5,"column":0},"end":{"line":5,"column":51}},"5":{"start":{"line":6,"column":0},"end":{"line":6,"column":19}},"6":{"start":{"line":7,"column":0},"end":{"line":7,"column":16}},"7":{"start":{"line":8,"column":0},"end":{"line":8,"column":47}},"8":{"start":{"line":9,"column":0},"end":{"line":9,"column":17}},"9":{"start":{"line":10,"column":0},"end":{"line":10,"column":45}},"10":{"start":{"line":11,"column":0},"end":{"line":11,"column":19}},"11":{"start":{"line":12,"column":0},"end":{"line":12,"column":50}},"12":{"start":{"line":13,"column":0},"end":{"line":13,"column":12}},"13":{"start":{"line":14,"column":0},"end":{"line":14,"column":76}},"14":{"start":{"line":15,"column":0},"end":{"line":15,"column":3}},"15":{"start":{"line":16,"column":0},"end":{"line":16,"column":2}},"16":{"start":{"line":17,"column":0},"end":{"line":17,"column":0}},"17":{"start":{"line":18,"column":0},"end":{"line":18,"column":25}}},"s":{"0":1,"1":1,"2":1,"3":1,"4":1,"5":1,"6":1,"7":0,"8":1,"9":0,"10":1,"11":1,"12":1,"13":0,"14":1,"15":1,"16":1,"17":1},"branchMap":{"0":{"type":"branch","line":5,"loc":{"start":{"line":5,"column":18},"end":{"line":16,"column":2}},"locations":[{"start":{"line":5,"column":18},"end":{"line":16,"column":2}}]},"1":{"type":"branch","line":7,"loc":{"start":{"line":7,"column":4},"end":{"line":8,"column":47}},"locations":[{"start":{"line":7,"column":4},"end":{"line":8,"column":47}}]},"2":{"type":"branch","line":9,"loc":{"start":{"line":9,"column":4},"end":{"line":10,"column":45}},"locations":[{"start":{"line":9,"column":4},"end":{"line":10,"column":45}}]},"3":{"type":"branch","line":13,"loc":{"start":{"line":13,"column":4},"end":{"line":14,"column":76}},"locations":[{"start":{"line":13,"column":4},"end":{"line":14,"column":76}}]}},"b":{"0":[1],"1":[0],"2":[0],"3":[0]},"fnMap":{"0":{"name":"getFormat","decl":{"start":{"line":5,"column":18},"end":{"line":16,"column":2}},"loc":{"start":{"line":5,"column":18},"end":{"line":16,"column":2}},"line":5}},"f":{"0":1}}
}
