TN:
SF:src/getDiffTree.js
FN:3,getDiffTree
FNF:1
FNH:1
FNDA:5,getDiffTree
DA:1,1
DA:2,1
DA:3,1
DA:4,5
DA:5,5
DA:6,5
DA:7,5
DA:8,18
DA:9,5
DA:10,5
DA:11,5
DA:12,5
DA:13,5
DA:14,18
DA:15,2
DA:16,2
DA:17,2
DA:18,2
DA:19,2
DA:20,18
DA:21,3
DA:22,3
DA:23,3
DA:24,3
DA:25,3
DA:26,18
DA:27,4
DA:28,4
DA:29,4
DA:30,4
DA:31,4
DA:32,4
DA:33,4
DA:34,4
DA:35,4
DA:36,4
DA:37,4
DA:38,4
DA:39,5
DA:40,5
DA:41,5
DA:42,5
DA:43,1
DA:44,1
LF:44
LH:44
BRDA:3,0,0,5
BRDA:7,1,0,18
BRDA:8,2,0,5
BRDA:14,3,0,13
BRDA:14,4,0,2
BRDA:20,5,0,11
BRDA:20,6,0,3
BRDA:26,7,0,8
BRDA:26,8,0,5
BRDA:26,9,0,4
BRF:10
BRH:10
end_of_record
TN:
SF:src/index.js
FN:8,readFile
FN:15,genDiff
FNF:2
FNH:2
FNDA:2,readFile
FNDA:1,genDiff
DA:1,1
DA:2,1
DA:3,1
DA:4,1
DA:5,1
DA:6,1
DA:7,1
DA:8,1
DA:9,2
DA:10,2
DA:11,2
DA:12,2
DA:13,2
DA:14,1
DA:15,1
DA:16,1
DA:17,1
DA:18,1
DA:19,1
DA:20,1
DA:21,1
DA:22,1
LF:22
LH:22
BRDA:8,0,0,2
BRDA:15,1,0,1
BRF:2
BRH:2
end_of_record
TN:
SF:src/parsers.js
FN:3,parse
FNF:1
FNH:1
FNDA:2,parse
DA:1,1
DA:2,1
DA:3,1
DA:4,2
DA:5,2
DA:6,2
DA:7,2
DA:8,0
DA:9,2
DA:10,0
DA:11,2
DA:12,0
DA:13,2
DA:14,2
DA:15,1
DA:16,1
LF:16
LH:13
BRDA:3,0,0,2
BRDA:7,1,0,0
BRDA:9,2,0,0
BRDA:11,3,0,0
BRF:4
BRH:1
end_of_record
TN:
SF:src/formatters/formatJson.js
FN:1,getFormatJson
FNF:1
FNH:0
FNDA:0,getFormatJson
DA:1,1
DA:2,1
DA:3,1
LF:3
LH:3
BRF:0
BRH:0
end_of_record
TN:
SF:src/formatters/formatPlain.js
FN:3,getFormatPlain
FNF:1
FNH:0
FNDA:0,getFormatPlain
DA:1,1
DA:2,1
DA:3,1
DA:4,0
DA:5,0
DA:6,0
DA:7,0
DA:8,0
DA:9,0
DA:10,0
DA:11,0
DA:12,0
DA:13,0
DA:14,0
DA:15,0
DA:16,0
DA:17,0
DA:18,0
DA:19,0
DA:20,0
DA:21,0
DA:22,0
DA:23,0
DA:24,0
DA:25,0
DA:26,0
DA:27,0
DA:28,0
DA:29,0
DA:30,0
DA:31,0
DA:32,0
DA:33,0
DA:34,1
LF:34
LH:4
BRF:0
BRH:0
end_of_record
TN:
SF:src/formatters/formatStylish.js
FN:3,getFormatStylish
FN:5,indent
FN:6,stringify
FN:18,iter
FN:19,createStrWithSing
FNF:5
FNH:5
FNDA:1,getFormatStylish
FNDA:42,indent
FNDA:27,stringify
FNDA:5,iter
FNDA:18,createStrWithSing
DA:1,1
DA:2,1
DA:3,1
DA:4,1
DA:5,1
DA:6,1
DA:7,27
DA:8,20
DA:9,20
DA:10,7
DA:11,7
DA:12,9
DA:13,9
DA:14,7
DA:15,7
DA:16,1
DA:17,1
DA:18,1
DA:19,18
DA:20,18
DA:21,18
DA:22,5
DA:23,18
DA:24,2
DA:25,18
DA:26,3
DA:27,18
DA:28,4
DA:29,18
DA:30,4
DA:31,18
DA:32,0
DA:33,18
DA:34,1
DA:35,1
DA:36,1
DA:37,1
DA:38,1
LF:38
LH:37
BRDA:3,0,0,1
BRDA:5,1,0,42
BRDA:6,2,0,27
BRDA:7,3,0,20
BRDA:9,4,0,7
BRDA:11,5,0,9
BRDA:18,6,0,5
BRDA:18,7,0,18
BRDA:21,8,0,5
BRDA:23,9,0,2
BRDA:25,10,0,3
BRDA:27,11,0,4
BRDA:29,12,0,4
BRDA:31,13,0,0
BRDA:19,14,0,18
BRF:15
BRH:14
end_of_record
TN:
SF:src/formatters/index.js
FN:5,getFormat
FNF:1
FNH:1
FNDA:1,getFormat
DA:1,1
DA:2,1
DA:3,1
DA:4,1
DA:5,1
DA:6,1
DA:7,1
DA:8,0
DA:9,1
DA:10,0
DA:11,1
DA:12,1
DA:13,1
DA:14,0
DA:15,1
DA:16,1
DA:17,1
DA:18,1
LF:18
LH:15
BRDA:5,0,0,1
BRDA:7,1,0,0
BRDA:9,2,0,0
BRDA:13,3,0,0
BRF:4
BRH:1
end_of_record
